c:\users\kamil\documents\_projects\dxframework\dxframework\x64\debug\vc141.pdb
c:\users\kamil\documents\_projects\dxframework\dxframework\x64\debug\vc141.idb
c:\users\kamil\documents\_projects\dxframework\dxframework\x64\debug\shaderswapper.obj
c:\users\kamil\documents\_projects\dxframework\dxframework\x64\debug\shaderssao.obj
c:\users\kamil\documents\_projects\dxframework\dxframework\x64\debug\savesession.obj
c:\users\kamil\documents\_projects\dxframework\dxframework\x64\debug\rendertexture.obj
c:\users\kamil\documents\_projects\dxframework\dxframework\x64\debug\renderer.obj
c:\users\kamil\documents\_projects\dxframework\dxframework\x64\debug\profiler.obj
c:\users\kamil\documents\_projects\dxframework\dxframework\x64\debug\modeldx.obj
c:\users\kamil\documents\_projects\dxframework\dxframework\x64\debug\main.obj
c:\users\kamil\documents\_projects\dxframework\dxframework\x64\debug\inputmanager.obj
c:\users\kamil\documents\_projects\dxframework\dxframework\x64\debug\imgui_widgets.obj
c:\users\kamil\documents\_projects\dxframework\dxframework\x64\debug\imgui_impl_win32.obj
c:\users\kamil\documents\_projects\dxframework\dxframework\x64\debug\imgui_impl_dx11.obj
c:\users\kamil\documents\_projects\dxframework\dxframework\x64\debug\imgui_draw.obj
c:\users\kamil\documents\_projects\dxframework\dxframework\x64\debug\imgui.obj
c:\users\kamil\documents\_projects\dxframework\dxframework\x64\debug\guimanager.obj
c:\users\kamil\documents\_projects\dxframework\dxframework\x64\debug\dxframework.obj
c:\users\kamil\documents\_projects\dxframework\dxframework\x64\debug\directionallight.obj
c:\users\kamil\documents\_projects\dxframework\dxframework\x64\debug\devicemanager.obj
c:\users\kamil\documents\_projects\dxframework\dxframework\x64\debug\baselight.obj
c:\users\kamil\documents\_projects\dxframework\x64\debug\dxframework.exe
c:\users\kamil\documents\_projects\dxframework\x64\debug\dxframework.ilk
c:\users\kamil\documents\_projects\dxframework\x64\debug\dxframework.pdb
c:\users\kamil\documents\_projects\dxframework\dxframework\x64\debug\dxframework.tlog\cl.command.1.tlog
c:\users\kamil\documents\_projects\dxframework\dxframework\x64\debug\dxframework.tlog\cl.read.1.tlog
c:\users\kamil\documents\_projects\dxframework\dxframework\x64\debug\dxframework.tlog\cl.write.1.tlog
c:\users\kamil\documents\_projects\dxframework\dxframework\x64\debug\dxframework.tlog\fxc.command.1.tlog
c:\users\kamil\documents\_projects\dxframework\dxframework\x64\debug\dxframework.tlog\fxc.read.1.tlog
c:\users\kamil\documents\_projects\dxframework\dxframework\x64\debug\dxframework.tlog\link.command.1.tlog
c:\users\kamil\documents\_projects\dxframework\dxframework\x64\debug\dxframework.tlog\link.read.1.tlog
c:\users\kamil\documents\_projects\dxframework\dxframework\x64\debug\dxframework.tlog\link.write.1.tlog
